<?xml version="1.0" encoding="UTF-8"?>
<!-- Generated by org.testng.reporters.JUnitReportReporter -->
<testsuite hostname="FVFHXJ38Q6LR" failures="0" tests="1" name="limat.class1" time="0.009" errors="0" timestamp="2023-05-10T09:16:49 IST" skipped="0">
  <testcase classname="limat.class1" name="testCase1" time="0.009"/>
  <system-out/>
</testsuite> <!-- limat.class1 -->
