<?xml version="1.0" encoding="UTF-8"?>
<!-- Generated by org.testng.reporters.JUnitReportReporter -->
<testsuite hostname="FVFHXJ38Q6LR" failures="0" tests="2" name="limat.TC1" time="0.020" errors="0" timestamp="2023-05-10T11:09:01 IST" skipped="0">
  <testcase classname="limat.TC1" name="test2" time="0.014"/>
  <system-out/>
  <testcase classname="limat.TC1" name="testCase1" time="0.006"/>
  <system-out/>
</testsuite> <!-- limat.TC1 -->
