<?xml version="1.0" encoding="UTF-8"?>
<!-- Generated by org.testng.reporters.JUnitReportReporter -->
<testsuite hostname="FVFHXJ38Q6LR" failures="0" tests="1" name="limat.base" time="0.011" errors="0" timestamp="2023-05-10T10:50:49 IST" skipped="0">
  <testcase classname="limat.base" name="testCase1" time="0.011"/>
  <system-out/>
</testsuite> <!-- limat.base -->
