<?xml version="1.0" encoding="UTF-8"?>
<!-- Generated by org.testng.reporters.JUnitReportReporter -->
<testsuite hostname="FVFHXJ38Q6LR" failures="0" tests="5" name="limat.demo" time="0.016" errors="0" timestamp="2023-05-10T11:31:33 IST" skipped="0">
  <testcase classname="limat.demo" name="e" time="0.009"/>
  <system-out/>
  <testcase classname="limat.demo" name="d" time="0.001"/>
  <system-out/>
  <testcase classname="limat.demo" name="c" time="0.001"/>
  <system-out/>
  <testcase classname="limat.demo" name="b" time="0.002"/>
  <system-out/>
  <testcase classname="limat.demo" name="a" time="0.003"/>
  <system-out/>
</testsuite> <!-- limat.demo -->
