<?xml version="1.0" encoding="UTF-8"?>
<!-- Generated by org.testng.reporters.JUnitReportReporter -->
<testsuite hostname="FVFHXJ38Q6LR" failures="0" tests="2" name="limat.TC2" time="0.004" errors="0" timestamp="2023-05-10T11:09:01 IST" skipped="0">
  <testcase classname="limat.TC2" name="testCase1" time="0.002"/>
  <system-out/>
  <testcase classname="limat.TC2" name="test1" time="0.002"/>
  <system-out/>
</testsuite> <!-- limat.TC2 -->
